<?xml version="1.0" encoding="UTF-8"?>
<!-- Generated by org.testng.reporters.JUnitXMLReporter -->
<testsuite ignored="0" hostname="DESKTOP-O3JQN8N" failures="0" tests="1" name="FirefoxTest" time="0.648" errors="0" timestamp="2023-03-23T08:39:20 IST">
  <testcase classname="seleniumbasics.CrossBrowser" name="@BeforeTest setup" time="0.514">
    <failure type="java.lang.IllegalStateException" message="The driver executable does not exist: E:\Testing\firefox driver\geckodriver">
      <![CDATA[java.lang.IllegalStateException: The driver executable does not exist: E:\Testing\firefox driver\geckodriver
at com.google.common.base.Preconditions.checkState(Preconditions.java:585)
at org.openqa.selenium.remote.service.DriverService.checkExecutable(DriverService.java:146)
at org.openqa.selenium.remote.service.DriverService.findExecutable(DriverService.java:141)
at org.openqa.selenium.firefox.GeckoDriverService.access$100(GeckoDriverService.java:44)
at org.openqa.selenium.firefox.GeckoDriverService$Builder.findDefaultExecutable(GeckoDriverService.java:167)
at org.openqa.selenium.remote.service.DriverService$Builder.build(DriverService.java:355)
at org.openqa.selenium.firefox.FirefoxDriver.toExecutor(FirefoxDriver.java:190)
at org.openqa.selenium.firefox.FirefoxDriver.<init>(FirefoxDriver.java:147)
at org.openqa.selenium.firefox.FirefoxDriver.<init>(FirefoxDriver.java:125)
at seleniumbasics.CrossBrowser.setup(CrossBrowser.java:29)
at java.base/java.util.concurrent.FutureTask.run(FutureTask.java:264)
at java.base/java.util.concurrent.ThreadPoolExecutor.runWorker(ThreadPoolExecutor.java:1136)
at java.base/java.util.concurrent.ThreadPoolExecutor$Worker.run(ThreadPoolExecutor.java:635)
at java.base/java.lang.Thread.run(Thread.java:833)
... Removed 15 stack frames]]>
    </failure>
  </testcase> <!-- @BeforeTest setup -->
  <testcase classname="seleniumbasics.CrossBrowser" name="testParameterWithXML" time="0.0">
    <skipped/>
  </testcase> <!-- testParameterWithXML -->
</testsuite> <!-- FirefoxTest -->
